<?xml version="1.0" encoding="UTF-8"?>
<testsuite name="LinkedListTests" tests="1" skipped="0" failures="0" errors="0" timestamp="2020-01-20T22:03:04" hostname="Mikes-MacBook-Pro-2.local" time="2.74">
  <properties/>
  <testcase name="test_itDoesNotCrashAfter100RandomOperations" classname="LinkedListTests" time="2.74"/>
  <system-out><![CDATA[0
]]></system-out>
  <system-err><![CDATA[]]></system-err>
</testsuite>
